Build started 2014/5/27 下午 08:47:50.
     1>Project "d:\USER\documents\visual studio 2010\Projects\cnc\cnc\cnc.vcxproj" on node 2 (build target(s)).
     1>InitializeBuildStatus:
         Touching "Debug\cnc.unsuccessfulbuild".
       GenerateTargetFrameworkMonikerAttribute:
       Skipping target "GenerateTargetFrameworkMonikerAttribute" because all output files are up-to-date with respect to the input files.
       ClCompile:
         All outputs are up-to-date.
         All outputs are up-to-date.
         All outputs are up-to-date.
       CoreResGen:
         No resources are out of date with respect to their source files. Skipping resource generation.
       ResourceCompile:
         All outputs are up-to-date.
       Link:
         C:\Program Files (x86)\Microsoft Visual Studio 10.0\VC\bin\link.exe /ERRORREPORT:PROMPT /OUT:"d:\user\documents\visual studio 2010\Projects\cnc\Debug\cnc.exe" /INCREMENTAL /NOLOGO /ASSEMBLYRESOURCE:Debug\cnc.Form1.resources /MANIFEST /ManifestFile:"Debug\cnc.exe.intermediate.manifest" /MANIFESTUAC:"level='asInvoker' uiAccess='false'" /DEBUG /PDB:"d:\user\documents\visual studio 2010\Projects\cnc\Debug\cnc.pdb" /ASSEMBLYDEBUG /SUBSYSTEM:WINDOWS /TLBID:1 /ENTRY:"main" /DYNAMICBASE /FIXED:NO /NXCOMPAT /MACHINE:X86 Debug\app.res
         Debug\AssemblyInfo.obj
         Debug\cnc.obj
         Debug\dec.obj
         Debug\intpCtrl.obj
         Debug\intpMain.obj
         Debug\link.obj
         Debug\stdafx.obj
         "Debug\.NETFramework,Version=v4.0.AssemblyAttributes.obj"
     1>dec.obj : error LNK2005: "struct DECODER_DATA decoderData" (?decoderData@@$$Q3UDECODER_DATA@@A) already defined in cnc.obj
     1>dec.obj : error LNK2005: "struct DECODER_DATA * decoderDataPtr" (?decoderDataPtr@@$$Q3PAUDECODER_DATA@@A) already defined in cnc.obj
     1>d:\user\documents\visual studio 2010\Projects\cnc\Debug\cnc.exe : fatal error LNK1169: one or more multiply defined symbols found
     1>Done Building Project "d:\USER\documents\visual studio 2010\Projects\cnc\cnc\cnc.vcxproj" (build target(s)) -- FAILED.

Build FAILED.

Time Elapsed 00:00:01.64
